<?xml version="1.0" encoding="UTF-8"?>
<!-- Generated by org.testng.reporters.JUnitReportReporter -->
<testsuite skipped="0" hostname="Karthik-PC" name="ScreenshotPackage.Screenclass" tests="1" failures="0" timestamp="20 Jul 2019 05:02:30 GMT" time="66.026" errors="0">
  <testcase name="Mytest" time="66.026" classname="ScreenshotPackage.Screenclass"/>
</testsuite> <!-- ScreenshotPackage.Screenclass -->
