<?xml version="1.0" encoding="UTF-8"?>
<!-- Generated by org.testng.reporters.JUnitReportReporter -->
<testsuite skipped="0" hostname="Karthik-PC" name="ReadDataFromHtmlTable.AlertPopupHandling" tests="1" failures="0" timestamp="27 Jul 2019 08:44:05 GMT" time="12.656" errors="0">
  <testcase name="AlertPopUp" time="12.656" classname="ReadDataFromHtmlTable.AlertPopupHandling"/>
</testsuite> <!-- ReadDataFromHtmlTable.AlertPopupHandling -->
