<?xml version="1.0" encoding="UTF-8"?>
<!-- Generated by org.testng.reporters.JUnitReportReporter -->
<testsuite skipped="0" hostname="Karthik-PC" name="ReadDataFromHtmlTable.readdatahtml" tests="1" failures="0" timestamp="27 Jul 2019 08:32:39 GMT" time="24.826" errors="0">
  <testcase name="ReadDataFromHtml" time="24.826" classname="ReadDataFromHtmlTable.readdatahtml"/>
</testsuite> <!-- ReadDataFromHtmlTable.readdatahtml -->
