<?xml version="1.0" encoding="UTF-8"?>
<!-- Generated by org.testng.reporters.JUnitReportReporter -->
<testsuite hostname="Karthik-PC" name="JenkinsPackage.testerclass" tests="1" failures="0" timestamp="13 Jul 2019 07:28:44 GMT" time="80.279" errors="0">
  <testcase name="select" time="80.279" classname="JenkinsPackage.testerclass"/>
</testsuite>
