<?xml version="1.0" encoding="UTF-8"?>
<!-- Generated by org.testng.reporters.JUnitReportReporter -->
<testsuite skipped="0" hostname="Karthik-PC" name="BatchFileCreation.BatchFile" tests="1" failures="0" timestamp="12 Jul 2019 06:47:26 GMT" time="41.884" errors="0">
  <testcase name="FacebookLoginPage" time="41.884" classname="BatchFileCreation.BatchFile"/>
</testsuite> <!-- BatchFileCreation.BatchFile -->
