<?xml version="1.0" encoding="UTF-8"?>
<!-- Generated by org.testng.reporters.JUnitReportReporter -->
<testsuite skipped="0" hostname="Karthik-PC" name="TestNGpackage.TestNGPriorityfeatures" tests="4" failures="0" timestamp="13 Jul 2019 04:39:11 GMT" time="0.129" errors="0">
  <testcase name="OpenBrowser" time="0.073" classname="TestNGpackage.TestNGPriorityfeatures"/>
  <testcase name="EnterURL" time="0.018" classname="TestNGpackage.TestNGPriorityfeatures"/>
  <testcase name="logout" time="0.018" classname="TestNGpackage.TestNGPriorityfeatures"/>
  <testcase name="business" time="0.020" classname="TestNGpackage.TestNGPriorityfeatures"/>
</testsuite> <!-- TestNGpackage.TestNGPriorityfeatures -->
