<?xml version="1.0" encoding="UTF-8"?>
<!-- Generated by org.testng.reporters.JUnitReportReporter -->
<testsuite skipped="0" hostname="Karthik-PC" name="TestNGpackage.OnDependsMethod" tests="4" failures="0" timestamp="13 Jul 2019 05:21:57 GMT" time="0.080" errors="0">
  <testcase name="OpenBrowser" time="0.048" classname="TestNGpackage.OnDependsMethod"/>
  <testcase name="logout" time="0.016" classname="TestNGpackage.OnDependsMethod"/>
  <testcase name="EnterURL" time="0.016" classname="TestNGpackage.OnDependsMethod"/>
  <testcase name="business" time="0.000" classname="TestNGpackage.OnDependsMethod"/>
</testsuite> <!-- TestNGpackage.OnDependsMethod -->
