<?xml version="1.0" encoding="UTF-8"?>
<!-- Generated by org.testng.reporters.JUnitReportReporter -->
<testsuite skipped="0" hostname="Karthik-PC" name="TestNGpackage.TestNGAnnotations" tests="2" failures="0" timestamp="20 Jul 2019 07:50:57 GMT" time="0.050" errors="0">
  <testcase name="testCase2" time="0.027" classname="TestNGpackage.TestNGAnnotations"/>
  <testcase name="testCase1" time="0.023" classname="TestNGpackage.TestNGAnnotations"/>
</testsuite> <!-- TestNGpackage.TestNGAnnotations -->
