<?xml version="1.0" encoding="UTF-8"?>
<!-- Generated by org.testng.reporters.JUnitReportReporter -->
<testsuite skipped="0" hostname="Karthik-PC" name="POMFacebookTesting.fcebookLoginDemo" tests="3" failures="0" timestamp="27 Jul 2019 06:04:24 GMT" time="119.979" errors="0">
  <testcase name="LoginPageFunct" time="25.213" classname="POMFacebookTesting.fcebookLoginDemo"/>
  <testcase name="LoginPageFunct" time="59.014" classname="POMFacebookTesting.fcebookLoginDemo"/>
  <testcase name="LoginPageFunct" time="35.752" classname="POMFacebookTesting.fcebookLoginDemo"/>
</testsuite> <!-- POMFacebookTesting.fcebookLoginDemo -->
